<?xml version="1.0" encoding="UTF-8" ?>
<testsuite failures="0" time="0.003" errors="0" skipped="0" tests="1" name="com.parksystem.model.CarTest">
  <properties>
    <property name="java.runtime.name" value="Java(TM) SE Runtime Environment"/>
    <property name="sun.boot.library.path" value="c:\Program Files\Java\jre7\bin"/>
    <property name="java.vm.version" value="24.60-b09"/>
    <property name="java.vm.vendor" value="Oracle Corporation"/>
    <property name="java.vendor.url" value="http://java.oracle.com/"/>
    <property name="path.separator" value=";"/>
    <property name="guice.disable.misplaced.annotation.check" value="true"/>
    <property name="java.vm.name" value="Java HotSpot(TM) 64-Bit Server VM"/>
    <property name="file.encoding.pkg" value="sun.io"/>
    <property name="user.script" value=""/>
    <property name="user.country" value="US"/>
    <property name="sun.java.launcher" value="SUN_STANDARD"/>
    <property name="sun.os.patch.level" value="Service Pack 1"/>
    <property name="java.vm.specification.name" value="Java Virtual Machine Specification"/>
    <property name="user.dir" value="D:\development\workspace\git\Parking-System-1"/>
    <property name="java.runtime.version" value="1.7.0_60-b19"/>
    <property name="java.awt.graphicsenv" value="sun.awt.Win32GraphicsEnvironment"/>
    <property name="java.endorsed.dirs" value="c:\Program Files\Java\jre7\lib\endorsed"/>
    <property name="os.arch" value="amd64"/>
    <property name="java.io.tmpdir" value="C:\Users\MYKHAI~1.BRO\AppData\Local\Temp\"/>
    <property name="line.separator" value="
"/>
    <property name="java.vm.specification.vendor" value="Oracle Corporation"/>
    <property name="user.variant" value=""/>
    <property name="os.name" value="Windows 7"/>
    <property name="classworlds.conf" value="D:\development\workspace\.metadata\.plugins\org.eclipse.m2e.launching\launches\m2conf6451838938472972668.tmp"/>
    <property name="sun.jnu.encoding" value="Cp1251"/>
    <property name="java.library.path" value="c:\Program Files\Java\jre7\bin;C:\Windows\Sun\Java\bin;C:\Windows\system32;C:\Windows;c:/Program Files/Java/jdk1.6.0_27/bin/../jre/bin/server;c:/Program Files/Java/jdk1.6.0_27/bin/../jre/bin;c:/Program Files/Java/jdk1.6.0_27/bin/../jre/lib/amd64;C:\Ruby200\bin;C:\Windows\system32;C:\Windows;C:\Windows\System32\Wbem;C:\Windows\System32\WindowsPowerShell\v1.0\;C:\Program Files (x86)\Git\cmd;C:\Program Files (x86)\Git\bin;C:\Program Files (x86)\Git\bin;C:\Program Files (x86)\Git\cmd;c:\Program Files\Apache Software Foundation\apache-maven-3.2.2\bin;C:\Program Files\nodejs\;C:\Program Files\Microsoft Windows Performance Toolkit\;d:\IPC\RTC-scmTools-Win-5.0\jazz\scmtools\eclipse;C:\Program Files (x86)\scala\bin;C:\Program Files (x86)\Skype\Phone\;c:\Program Files\Java\jdk1.6.0_27\bin;C:\Users\mykhailo.brodskyi\AppData\Roaming\npm; C:\Ruby200\bin;C:\Windows\system32;C:\Windows;C:\Windows\System32\Wbem;C:\Windows\System32\WindowsPowerShell\v1.0\;C:\Program Files (x86)\Git\cmd;C:\Program Files (x86)\Git\bin;C:\Program Files (x86)\Git\bin;C:\Program Files (x86)\Git\cmd;c:\Program Files\Apache Software Foundation\apache-maven-3.2.2\bin;C:\Program Files\nodejs\;C:\Program Files\Microsoft Windows Performance Toolkit\;d:\IPC\RTC-scmTools-Win-5.0\jazz\scmtools\eclipse;C:\Program Files (x86)\scala\bin;C:\Program Files (x86)\Skype\Phone\;c:\Program Files\Java\jdk1.6.0_27\bin;;c:\apache-ant-1.9.4\bin;c:\Program Files\Java\jdk1.6.0_27\bin;;D:\development\eclipse;;."/>
    <property name="java.specification.name" value="Java Platform API Specification"/>
    <property name="java.class.version" value="51.0"/>
    <property name="sun.management.compiler" value="HotSpot 64-Bit Tiered Compilers"/>
    <property name="os.version" value="6.1"/>
    <property name="user.home" value="C:\Users\mykhailo.brodskyi"/>
    <property name="user.timezone" value="Europe/Helsinki"/>
    <property name="java.awt.printerjob" value="sun.awt.windows.WPrinterJob"/>
    <property name="java.specification.version" value="1.7"/>
    <property name="file.encoding" value="Cp1252"/>
    <property name="user.name" value="mykhailo.brodskyi"/>
    <property name="java.class.path" value="/D:/development/eclipse/plugins/org.eclipse.m2e.maven.runtime_1.5.0.20140605-2032/jars/plexus-classworlds-2.5.1.jar"/>
    <property name="org.slf4j.simpleLogger.defaultLogLevel" value="info"/>
    <property name="java.vm.specification.version" value="1.7"/>
    <property name="sun.arch.data.model" value="64"/>
    <property name="java.home" value="c:\Program Files\Java\jre7"/>
    <property name="sun.java.command" value="org.codehaus.plexus.classworlds.launcher.Launcher -B -s C:\Program Files\Apache Software Foundation\apache-maven-3.2.2\conf\settings.xml install"/>
    <property name="java.specification.vendor" value="Oracle Corporation"/>
    <property name="user.language" value="en"/>
    <property name="awt.toolkit" value="sun.awt.windows.WToolkit"/>
    <property name="java.vm.info" value="mixed mode"/>
    <property name="java.version" value="1.7.0_60"/>
    <property name="java.ext.dirs" value="c:\Program Files\Java\jre7\lib\ext;C:\Windows\Sun\Java\lib\ext"/>
    <property name="sun.boot.class.path" value="c:\Program Files\Java\jre7\lib\resources.jar;c:\Program Files\Java\jre7\lib\rt.jar;c:\Program Files\Java\jre7\lib\sunrsasign.jar;c:\Program Files\Java\jre7\lib\jsse.jar;c:\Program Files\Java\jre7\lib\jce.jar;c:\Program Files\Java\jre7\lib\charsets.jar;c:\Program Files\Java\jre7\lib\jfr.jar;c:\Program Files\Java\jre7\classes"/>
    <property name="java.vendor" value="Oracle Corporation"/>
    <property name="maven.home" value="D:\development\workspace\git\Parking-System-1\EMBEDDED"/>
    <property name="file.separator" value="\"/>
    <property name="java.vendor.url.bug" value="http://bugreport.sun.com/bugreport/"/>
    <property name="sun.cpu.endian" value="little"/>
    <property name="sun.io.unicode.encoding" value="UnicodeLittle"/>
    <property name="sun.desktop" value="windows"/>
    <property name="sun.cpu.isalist" value="amd64"/>
  </properties>
  <testcase time="0.003" classname="com.parksystem.model.CarTest" name="test"/>
</testsuite>